[2023-12-02 17:27:30,675] {taskinstance.py:1179} INFO - Dependencies all met for <TaskInstance: ETL_toll_data.extract_data_from_fixed_width manual__2023-12-02T17:22:26.218796+00:00 [queued]>
[2023-12-02 17:27:30,696] {taskinstance.py:1179} INFO - Dependencies all met for <TaskInstance: ETL_toll_data.extract_data_from_fixed_width manual__2023-12-02T17:22:26.218796+00:00 [queued]>
[2023-12-02 17:27:30,696] {taskinstance.py:1376} INFO - 
--------------------------------------------------------------------------------
[2023-12-02 17:27:30,696] {taskinstance.py:1377} INFO - Starting attempt 2 of 2
[2023-12-02 17:27:30,696] {taskinstance.py:1378} INFO - 
--------------------------------------------------------------------------------
[2023-12-02 17:27:30,717] {taskinstance.py:1397} INFO - Executing <Task(BashOperator): extract_data_from_fixed_width> on 2023-12-02 17:22:26.218796+00:00
[2023-12-02 17:27:30,729] {standard_task_runner.py:52} INFO - Started process 2405 to run task
[2023-12-02 17:27:30,734] {standard_task_runner.py:79} INFO - Running: ['***', 'tasks', 'run', 'ETL_toll_data', 'extract_data_from_fixed_width', 'manual__2023-12-02T17:22:26.218796+00:00', '--job-id', '17', '--raw', '--subdir', 'DAGS_FOLDER/finalassignment/staging/ETL_toll_data.py', '--cfg-path', '/tmp/tmpu0l5l1lr', '--error-file', '/tmp/tmphpphn172']
[2023-12-02 17:27:30,734] {standard_task_runner.py:80} INFO - Job 17: Subtask extract_data_from_fixed_width
[2023-12-02 17:27:30,863] {task_command.py:371} INFO - Running <TaskInstance: ETL_toll_data.extract_data_from_fixed_width manual__2023-12-02T17:22:26.218796+00:00 [running]> on host 701c67987407
[2023-12-02 17:27:31,024] {taskinstance.py:1591} INFO - Exporting the following env vars:
AIRFLOW_CTX_DAG_EMAIL=oussama@gmail.com
AIRFLOW_CTX_DAG_OWNER=Oussama Ghandour
AIRFLOW_CTX_DAG_ID=ETL_toll_data
AIRFLOW_CTX_TASK_ID=extract_data_from_fixed_width
AIRFLOW_CTX_EXECUTION_DATE=2023-12-02T17:22:26.218796+00:00
AIRFLOW_CTX_TRY_NUMBER=2
AIRFLOW_CTX_DAG_RUN_ID=manual__2023-12-02T17:22:26.218796+00:00
[2023-12-02 17:27:31,025] {subprocess.py:62} INFO - Tmp dir root location: 
 /tmp
[2023-12-02 17:27:31,026] {subprocess.py:74} INFO - Running command: ['bash', '-c', "awk '{print $10, $11}' /home/project/***/dags/finalassignment/staging/payment-data.txt > /home/project/***/dags/finalassignment/staging/fixed_width_data.csv"]
[2023-12-02 17:27:31,051] {subprocess.py:85} INFO - Output:
[2023-12-02 17:27:31,066] {subprocess.py:96} INFO - Command exited with return code 0
[2023-12-02 17:27:31,125] {taskinstance.py:1420} INFO - Marking task as SUCCESS. dag_id=ETL_toll_data, task_id=extract_data_from_fixed_width, execution_date=20231202T172226, start_date=20231202T172730, end_date=20231202T172731
[2023-12-02 17:27:31,186] {local_task_job.py:156} INFO - Task exited with return code 0
[2023-12-02 17:27:31,266] {local_task_job.py:273} INFO - 1 downstream tasks scheduled from follow-on schedule check
