[2023-12-02 17:19:07,367] {taskinstance.py:1179} INFO - Dependencies all met for <TaskInstance: ETL_toll_data.unzip_data manual__2023-12-02T17:19:04.378967+00:00 [queued]>
[2023-12-02 17:19:07,410] {taskinstance.py:1179} INFO - Dependencies all met for <TaskInstance: ETL_toll_data.unzip_data manual__2023-12-02T17:19:04.378967+00:00 [queued]>
[2023-12-02 17:19:07,410] {taskinstance.py:1376} INFO - 
--------------------------------------------------------------------------------
[2023-12-02 17:19:07,410] {taskinstance.py:1377} INFO - Starting attempt 1 of 2
[2023-12-02 17:19:07,410] {taskinstance.py:1378} INFO - 
--------------------------------------------------------------------------------
[2023-12-02 17:19:07,466] {taskinstance.py:1397} INFO - Executing <Task(BashOperator): unzip_data> on 2023-12-02 17:19:04.378967+00:00
[2023-12-02 17:19:07,484] {standard_task_runner.py:52} INFO - Started process 1952 to run task
[2023-12-02 17:19:07,504] {standard_task_runner.py:79} INFO - Running: ['***', 'tasks', 'run', 'ETL_toll_data', 'unzip_data', 'manual__2023-12-02T17:19:04.378967+00:00', '--job-id', '3', '--raw', '--subdir', 'DAGS_FOLDER/finalassignment/staging/ETL_toll_data.py', '--cfg-path', '/tmp/tmp0rxa65zr', '--error-file', '/tmp/tmpzlr5es7m']
[2023-12-02 17:19:07,505] {standard_task_runner.py:80} INFO - Job 3: Subtask unzip_data
[2023-12-02 17:19:07,882] {task_command.py:371} INFO - Running <TaskInstance: ETL_toll_data.unzip_data manual__2023-12-02T17:19:04.378967+00:00 [running]> on host 701c67987407
[2023-12-02 17:19:08,285] {taskinstance.py:1591} INFO - Exporting the following env vars:
AIRFLOW_CTX_DAG_EMAIL=oussama@gmail.com
AIRFLOW_CTX_DAG_OWNER=Oussama Ghandour
AIRFLOW_CTX_DAG_ID=ETL_toll_data
AIRFLOW_CTX_TASK_ID=unzip_data
AIRFLOW_CTX_EXECUTION_DATE=2023-12-02T17:19:04.378967+00:00
AIRFLOW_CTX_TRY_NUMBER=1
AIRFLOW_CTX_DAG_RUN_ID=manual__2023-12-02T17:19:04.378967+00:00
[2023-12-02 17:19:08,287] {subprocess.py:62} INFO - Tmp dir root location: 
 /tmp
[2023-12-02 17:19:08,288] {subprocess.py:74} INFO - Running command: ['bash', '-c', 'tar -xzf /home/project/***/dags/finalassignment/tolldata.tgz -C /home/project/***/dags/finalassignment/staging']
[2023-12-02 17:19:08,383] {subprocess.py:85} INFO - Output:
[2023-12-02 17:19:08,482] {subprocess.py:96} INFO - Command exited with return code 0
[2023-12-02 17:19:08,730] {taskinstance.py:1420} INFO - Marking task as SUCCESS. dag_id=ETL_toll_data, task_id=unzip_data, execution_date=20231202T171904, start_date=20231202T171907, end_date=20231202T171908
[2023-12-02 17:19:08,805] {local_task_job.py:156} INFO - Task exited with return code 0
[2023-12-02 17:19:09,101] {local_task_job.py:273} INFO - 1 downstream tasks scheduled from follow-on schedule check
