[2023-12-02 17:27:33,012] {taskinstance.py:1179} INFO - Dependencies all met for <TaskInstance: ETL_toll_data.transform_data manual__2023-12-02T17:22:26.218796+00:00 [queued]>
[2023-12-02 17:27:33,028] {taskinstance.py:1179} INFO - Dependencies all met for <TaskInstance: ETL_toll_data.transform_data manual__2023-12-02T17:22:26.218796+00:00 [queued]>
[2023-12-02 17:27:33,028] {taskinstance.py:1376} INFO - 
--------------------------------------------------------------------------------
[2023-12-02 17:27:33,028] {taskinstance.py:1377} INFO - Starting attempt 1 of 2
[2023-12-02 17:27:33,028] {taskinstance.py:1378} INFO - 
--------------------------------------------------------------------------------
[2023-12-02 17:27:33,047] {taskinstance.py:1397} INFO - Executing <Task(BashOperator): transform_data> on 2023-12-02 17:22:26.218796+00:00
[2023-12-02 17:27:33,058] {standard_task_runner.py:52} INFO - Started process 2413 to run task
[2023-12-02 17:27:33,063] {standard_task_runner.py:79} INFO - Running: ['***', 'tasks', 'run', 'ETL_toll_data', 'transform_data', 'manual__2023-12-02T17:22:26.218796+00:00', '--job-id', '19', '--raw', '--subdir', 'DAGS_FOLDER/finalassignment/staging/ETL_toll_data.py', '--cfg-path', '/tmp/tmpkw8bbiol', '--error-file', '/tmp/tmpjggkot76']
[2023-12-02 17:27:33,064] {standard_task_runner.py:80} INFO - Job 19: Subtask transform_data
[2023-12-02 17:27:33,175] {task_command.py:371} INFO - Running <TaskInstance: ETL_toll_data.transform_data manual__2023-12-02T17:22:26.218796+00:00 [running]> on host 701c67987407
[2023-12-02 17:27:33,295] {taskinstance.py:1591} INFO - Exporting the following env vars:
AIRFLOW_CTX_DAG_EMAIL=oussama@gmail.com
AIRFLOW_CTX_DAG_OWNER=Oussama Ghandour
AIRFLOW_CTX_DAG_ID=ETL_toll_data
AIRFLOW_CTX_TASK_ID=transform_data
AIRFLOW_CTX_EXECUTION_DATE=2023-12-02T17:22:26.218796+00:00
AIRFLOW_CTX_TRY_NUMBER=1
AIRFLOW_CTX_DAG_RUN_ID=manual__2023-12-02T17:22:26.218796+00:00
[2023-12-02 17:27:33,297] {subprocess.py:62} INFO - Tmp dir root location: 
 /tmp
[2023-12-02 17:27:33,298] {subprocess.py:74} INFO - Running command: ['bash', '-c', 'tr "[a-z]" "[A-Z]" < /home/project/***/dags/finalassignment/staging/extracted_data.csv > /home/project/***/dags/finalassignment/staging/extracted_data.csv']
[2023-12-02 17:27:33,322] {subprocess.py:85} INFO - Output:
[2023-12-02 17:27:33,331] {subprocess.py:96} INFO - Command exited with return code 0
[2023-12-02 17:27:33,390] {taskinstance.py:1420} INFO - Marking task as SUCCESS. dag_id=ETL_toll_data, task_id=transform_data, execution_date=20231202T172226, start_date=20231202T172733, end_date=20231202T172733
[2023-12-02 17:27:33,434] {local_task_job.py:156} INFO - Task exited with return code 0
[2023-12-02 17:27:33,493] {local_task_job.py:273} INFO - 0 downstream tasks scheduled from follow-on schedule check
