[2023-12-02 17:22:28,251] {taskinstance.py:1179} INFO - Dependencies all met for <TaskInstance: ETL_toll_data.unzip_data manual__2023-12-02T17:22:26.218796+00:00 [queued]>
[2023-12-02 17:22:28,281] {taskinstance.py:1179} INFO - Dependencies all met for <TaskInstance: ETL_toll_data.unzip_data manual__2023-12-02T17:22:26.218796+00:00 [queued]>
[2023-12-02 17:22:28,282] {taskinstance.py:1376} INFO - 
--------------------------------------------------------------------------------
[2023-12-02 17:22:28,282] {taskinstance.py:1377} INFO - Starting attempt 1 of 2
[2023-12-02 17:22:28,282] {taskinstance.py:1378} INFO - 
--------------------------------------------------------------------------------
[2023-12-02 17:22:28,368] {taskinstance.py:1397} INFO - Executing <Task(BashOperator): unzip_data> on 2023-12-02 17:22:26.218796+00:00
[2023-12-02 17:22:28,386] {standard_task_runner.py:52} INFO - Started process 2115 to run task
[2023-12-02 17:22:28,404] {standard_task_runner.py:79} INFO - Running: ['***', 'tasks', 'run', 'ETL_toll_data', 'unzip_data', 'manual__2023-12-02T17:22:26.218796+00:00', '--job-id', '8', '--raw', '--subdir', 'DAGS_FOLDER/finalassignment/staging/ETL_toll_data.py', '--cfg-path', '/tmp/tmpltxpwmih', '--error-file', '/tmp/tmpqcf5jp1r']
[2023-12-02 17:22:28,405] {standard_task_runner.py:80} INFO - Job 8: Subtask unzip_data
[2023-12-02 17:22:28,687] {task_command.py:371} INFO - Running <TaskInstance: ETL_toll_data.unzip_data manual__2023-12-02T17:22:26.218796+00:00 [running]> on host 701c67987407
[2023-12-02 17:22:29,122] {taskinstance.py:1591} INFO - Exporting the following env vars:
AIRFLOW_CTX_DAG_EMAIL=oussama@gmail.com
AIRFLOW_CTX_DAG_OWNER=Oussama Ghandour
AIRFLOW_CTX_DAG_ID=ETL_toll_data
AIRFLOW_CTX_TASK_ID=unzip_data
AIRFLOW_CTX_EXECUTION_DATE=2023-12-02T17:22:26.218796+00:00
AIRFLOW_CTX_TRY_NUMBER=1
AIRFLOW_CTX_DAG_RUN_ID=manual__2023-12-02T17:22:26.218796+00:00
[2023-12-02 17:22:29,124] {subprocess.py:62} INFO - Tmp dir root location: 
 /tmp
[2023-12-02 17:22:29,141] {subprocess.py:74} INFO - Running command: ['bash', '-c', 'tar -xzf /home/project/***/dags/finalassignment/tolldata.tgz -C /home/project/***/dags/finalassignment/staging']
[2023-12-02 17:22:29,205] {subprocess.py:85} INFO - Output:
[2023-12-02 17:22:29,263] {subprocess.py:96} INFO - Command exited with return code 0
[2023-12-02 17:22:29,405] {taskinstance.py:1420} INFO - Marking task as SUCCESS. dag_id=ETL_toll_data, task_id=unzip_data, execution_date=20231202T172226, start_date=20231202T172228, end_date=20231202T172229
[2023-12-02 17:22:29,464] {local_task_job.py:156} INFO - Task exited with return code 0
[2023-12-02 17:22:29,748] {local_task_job.py:273} INFO - 1 downstream tasks scheduled from follow-on schedule check
