[2023-12-02 17:22:28,202] {taskinstance.py:1179} INFO - Dependencies all met for <TaskInstance: ETL_toll_data.extract_data_from_tsv manual__2023-12-02T17:22:26.218796+00:00 [queued]>
[2023-12-02 17:22:28,218] {taskinstance.py:1179} INFO - Dependencies all met for <TaskInstance: ETL_toll_data.extract_data_from_tsv manual__2023-12-02T17:22:26.218796+00:00 [queued]>
[2023-12-02 17:22:28,218] {taskinstance.py:1376} INFO - 
--------------------------------------------------------------------------------
[2023-12-02 17:22:28,218] {taskinstance.py:1377} INFO - Starting attempt 1 of 2
[2023-12-02 17:22:28,218] {taskinstance.py:1378} INFO - 
--------------------------------------------------------------------------------
[2023-12-02 17:22:28,237] {taskinstance.py:1397} INFO - Executing <Task(BashOperator): extract_data_from_tsv> on 2023-12-02 17:22:26.218796+00:00
[2023-12-02 17:22:28,252] {standard_task_runner.py:52} INFO - Started process 2114 to run task
[2023-12-02 17:22:28,265] {standard_task_runner.py:79} INFO - Running: ['***', 'tasks', 'run', 'ETL_toll_data', 'extract_data_from_tsv', 'manual__2023-12-02T17:22:26.218796+00:00', '--job-id', '7', '--raw', '--subdir', 'DAGS_FOLDER/finalassignment/staging/ETL_toll_data.py', '--cfg-path', '/tmp/tmp8avgqk1t', '--error-file', '/tmp/tmpv625bhl4']
[2023-12-02 17:22:28,265] {standard_task_runner.py:80} INFO - Job 7: Subtask extract_data_from_tsv
[2023-12-02 17:22:28,556] {task_command.py:371} INFO - Running <TaskInstance: ETL_toll_data.extract_data_from_tsv manual__2023-12-02T17:22:26.218796+00:00 [running]> on host 701c67987407
[2023-12-02 17:22:29,004] {taskinstance.py:1591} INFO - Exporting the following env vars:
AIRFLOW_CTX_DAG_EMAIL=oussama@gmail.com
AIRFLOW_CTX_DAG_OWNER=Oussama Ghandour
AIRFLOW_CTX_DAG_ID=ETL_toll_data
AIRFLOW_CTX_TASK_ID=extract_data_from_tsv
AIRFLOW_CTX_EXECUTION_DATE=2023-12-02T17:22:26.218796+00:00
AIRFLOW_CTX_TRY_NUMBER=1
AIRFLOW_CTX_DAG_RUN_ID=manual__2023-12-02T17:22:26.218796+00:00
[2023-12-02 17:22:29,006] {subprocess.py:62} INFO - Tmp dir root location: 
 /tmp
[2023-12-02 17:22:29,007] {subprocess.py:74} INFO - Running command: ['bash', '-c', 'cut -f5,6,7 /home/project/***/dags/finalassignment/staging/tollplaza-data.tsv > /home/project/***/dags/finalassignment/staging/tsv_data.csv']
[2023-12-02 17:22:29,081] {subprocess.py:85} INFO - Output:
[2023-12-02 17:22:29,143] {subprocess.py:96} INFO - Command exited with return code 0
[2023-12-02 17:22:29,345] {taskinstance.py:1420} INFO - Marking task as SUCCESS. dag_id=ETL_toll_data, task_id=extract_data_from_tsv, execution_date=20231202T172226, start_date=20231202T172228, end_date=20231202T172229
[2023-12-02 17:22:29,422] {local_task_job.py:156} INFO - Task exited with return code 0
[2023-12-02 17:22:29,651] {local_task_job.py:273} INFO - 0 downstream tasks scheduled from follow-on schedule check
