[2023-12-02 17:27:26,984] {taskinstance.py:1179} INFO - Dependencies all met for <TaskInstance: ETL_toll_data.transform_data manual__2023-12-02T17:27:18.737603+00:00 [queued]>
[2023-12-02 17:27:27,004] {taskinstance.py:1179} INFO - Dependencies all met for <TaskInstance: ETL_toll_data.transform_data manual__2023-12-02T17:27:18.737603+00:00 [queued]>
[2023-12-02 17:27:27,004] {taskinstance.py:1376} INFO - 
--------------------------------------------------------------------------------
[2023-12-02 17:27:27,004] {taskinstance.py:1377} INFO - Starting attempt 1 of 2
[2023-12-02 17:27:27,004] {taskinstance.py:1378} INFO - 
--------------------------------------------------------------------------------
[2023-12-02 17:27:27,023] {taskinstance.py:1397} INFO - Executing <Task(BashOperator): transform_data> on 2023-12-02 17:27:18.737603+00:00
[2023-12-02 17:27:27,035] {standard_task_runner.py:52} INFO - Started process 2392 to run task
[2023-12-02 17:27:27,040] {standard_task_runner.py:79} INFO - Running: ['***', 'tasks', 'run', 'ETL_toll_data', 'transform_data', 'manual__2023-12-02T17:27:18.737603+00:00', '--job-id', '16', '--raw', '--subdir', 'DAGS_FOLDER/finalassignment/staging/ETL_toll_data.py', '--cfg-path', '/tmp/tmplljaptvo', '--error-file', '/tmp/tmp3kbkoxoi']
[2023-12-02 17:27:27,040] {standard_task_runner.py:80} INFO - Job 16: Subtask transform_data
[2023-12-02 17:27:27,154] {task_command.py:371} INFO - Running <TaskInstance: ETL_toll_data.transform_data manual__2023-12-02T17:27:18.737603+00:00 [running]> on host 701c67987407
[2023-12-02 17:27:27,279] {taskinstance.py:1591} INFO - Exporting the following env vars:
AIRFLOW_CTX_DAG_EMAIL=oussama@gmail.com
AIRFLOW_CTX_DAG_OWNER=Oussama Ghandour
AIRFLOW_CTX_DAG_ID=ETL_toll_data
AIRFLOW_CTX_TASK_ID=transform_data
AIRFLOW_CTX_EXECUTION_DATE=2023-12-02T17:27:18.737603+00:00
AIRFLOW_CTX_TRY_NUMBER=1
AIRFLOW_CTX_DAG_RUN_ID=manual__2023-12-02T17:27:18.737603+00:00
[2023-12-02 17:27:27,281] {subprocess.py:62} INFO - Tmp dir root location: 
 /tmp
[2023-12-02 17:27:27,281] {subprocess.py:74} INFO - Running command: ['bash', '-c', 'tr "[a-z]" "[A-Z]" < /home/project/***/dags/finalassignment/staging/extracted_data.csv > /home/project/***/dags/finalassignment/staging/extracted_data.csv']
[2023-12-02 17:27:27,306] {subprocess.py:85} INFO - Output:
[2023-12-02 17:27:27,315] {subprocess.py:96} INFO - Command exited with return code 0
[2023-12-02 17:27:27,380] {taskinstance.py:1420} INFO - Marking task as SUCCESS. dag_id=ETL_toll_data, task_id=transform_data, execution_date=20231202T172718, start_date=20231202T172726, end_date=20231202T172727
[2023-12-02 17:27:27,413] {local_task_job.py:156} INFO - Task exited with return code 0
[2023-12-02 17:27:27,475] {local_task_job.py:273} INFO - 0 downstream tasks scheduled from follow-on schedule check
