[2023-12-02 17:19:10,745] {taskinstance.py:1179} INFO - Dependencies all met for <TaskInstance: ETL_toll_data.extract_data_from_csv manual__2023-12-02T17:19:04.378967+00:00 [queued]>
[2023-12-02 17:19:10,785] {taskinstance.py:1179} INFO - Dependencies all met for <TaskInstance: ETL_toll_data.extract_data_from_csv manual__2023-12-02T17:19:04.378967+00:00 [queued]>
[2023-12-02 17:19:10,786] {taskinstance.py:1376} INFO - 
--------------------------------------------------------------------------------
[2023-12-02 17:19:10,786] {taskinstance.py:1377} INFO - Starting attempt 1 of 2
[2023-12-02 17:19:10,786] {taskinstance.py:1378} INFO - 
--------------------------------------------------------------------------------
[2023-12-02 17:19:10,808] {taskinstance.py:1397} INFO - Executing <Task(BashOperator): extract_data_from_csv> on 2023-12-02 17:19:04.378967+00:00
[2023-12-02 17:19:10,823] {standard_task_runner.py:52} INFO - Started process 1971 to run task
[2023-12-02 17:19:10,828] {standard_task_runner.py:79} INFO - Running: ['***', 'tasks', 'run', 'ETL_toll_data', 'extract_data_from_csv', 'manual__2023-12-02T17:19:04.378967+00:00', '--job-id', '5', '--raw', '--subdir', 'DAGS_FOLDER/finalassignment/staging/ETL_toll_data.py', '--cfg-path', '/tmp/tmpk3po2fr7', '--error-file', '/tmp/tmp6m50dx7d']
[2023-12-02 17:19:10,828] {standard_task_runner.py:80} INFO - Job 5: Subtask extract_data_from_csv
[2023-12-02 17:19:11,042] {task_command.py:371} INFO - Running <TaskInstance: ETL_toll_data.extract_data_from_csv manual__2023-12-02T17:19:04.378967+00:00 [running]> on host 701c67987407
[2023-12-02 17:19:11,322] {taskinstance.py:1591} INFO - Exporting the following env vars:
AIRFLOW_CTX_DAG_EMAIL=oussama@gmail.com
AIRFLOW_CTX_DAG_OWNER=Oussama Ghandour
AIRFLOW_CTX_DAG_ID=ETL_toll_data
AIRFLOW_CTX_TASK_ID=extract_data_from_csv
AIRFLOW_CTX_EXECUTION_DATE=2023-12-02T17:19:04.378967+00:00
AIRFLOW_CTX_TRY_NUMBER=1
AIRFLOW_CTX_DAG_RUN_ID=manual__2023-12-02T17:19:04.378967+00:00
[2023-12-02 17:19:11,324] {subprocess.py:62} INFO - Tmp dir root location: 
 /tmp
[2023-12-02 17:19:11,342] {subprocess.py:74} INFO - Running command: ['bash', '-c', 'cut -f1,2,3,4 -d"," /home/project/***/dags/finalassignment/staging/vehicle-data.csv | sed "s/,/ /g" > /home/project/***/dags/finalassignment/staging/csv_data.csv']
[2023-12-02 17:19:11,425] {subprocess.py:85} INFO - Output:
[2023-12-02 17:19:11,502] {subprocess.py:96} INFO - Command exited with return code 0
[2023-12-02 17:19:11,705] {taskinstance.py:1420} INFO - Marking task as SUCCESS. dag_id=ETL_toll_data, task_id=extract_data_from_csv, execution_date=20231202T171904, start_date=20231202T171910, end_date=20231202T171911
[2023-12-02 17:19:11,764] {local_task_job.py:156} INFO - Task exited with return code 0
[2023-12-02 17:19:11,888] {local_task_job.py:273} INFO - 0 downstream tasks scheduled from follow-on schedule check
