[2023-12-02 17:27:20,742] {taskinstance.py:1179} INFO - Dependencies all met for <TaskInstance: ETL_toll_data.unzip_data manual__2023-12-02T17:27:18.737603+00:00 [queued]>
[2023-12-02 17:27:20,754] {taskinstance.py:1179} INFO - Dependencies all met for <TaskInstance: ETL_toll_data.unzip_data manual__2023-12-02T17:27:18.737603+00:00 [queued]>
[2023-12-02 17:27:20,754] {taskinstance.py:1376} INFO - 
--------------------------------------------------------------------------------
[2023-12-02 17:27:20,754] {taskinstance.py:1377} INFO - Starting attempt 1 of 2
[2023-12-02 17:27:20,754] {taskinstance.py:1378} INFO - 
--------------------------------------------------------------------------------
[2023-12-02 17:27:20,770] {taskinstance.py:1397} INFO - Executing <Task(BashOperator): unzip_data> on 2023-12-02 17:27:18.737603+00:00
[2023-12-02 17:27:20,780] {standard_task_runner.py:52} INFO - Started process 2373 to run task
[2023-12-02 17:27:20,786] {standard_task_runner.py:79} INFO - Running: ['***', 'tasks', 'run', 'ETL_toll_data', 'unzip_data', 'manual__2023-12-02T17:27:18.737603+00:00', '--job-id', '11', '--raw', '--subdir', 'DAGS_FOLDER/finalassignment/staging/ETL_toll_data.py', '--cfg-path', '/tmp/tmpudwb6f5n', '--error-file', '/tmp/tmpwe22gk0e']
[2023-12-02 17:27:20,787] {standard_task_runner.py:80} INFO - Job 11: Subtask unzip_data
[2023-12-02 17:27:21,009] {task_command.py:371} INFO - Running <TaskInstance: ETL_toll_data.unzip_data manual__2023-12-02T17:27:18.737603+00:00 [running]> on host 701c67987407
[2023-12-02 17:27:21,303] {taskinstance.py:1591} INFO - Exporting the following env vars:
AIRFLOW_CTX_DAG_EMAIL=oussama@gmail.com
AIRFLOW_CTX_DAG_OWNER=Oussama Ghandour
AIRFLOW_CTX_DAG_ID=ETL_toll_data
AIRFLOW_CTX_TASK_ID=unzip_data
AIRFLOW_CTX_EXECUTION_DATE=2023-12-02T17:27:18.737603+00:00
AIRFLOW_CTX_TRY_NUMBER=1
AIRFLOW_CTX_DAG_RUN_ID=manual__2023-12-02T17:27:18.737603+00:00
[2023-12-02 17:27:21,305] {subprocess.py:62} INFO - Tmp dir root location: 
 /tmp
[2023-12-02 17:27:21,306] {subprocess.py:74} INFO - Running command: ['bash', '-c', 'tar -xzf /home/project/***/dags/finalassignment/tolldata.tgz -C /home/project/***/dags/finalassignment/staging']
[2023-12-02 17:27:21,370] {subprocess.py:85} INFO - Output:
[2023-12-02 17:27:21,441] {subprocess.py:96} INFO - Command exited with return code 0
[2023-12-02 17:27:21,627] {taskinstance.py:1420} INFO - Marking task as SUCCESS. dag_id=ETL_toll_data, task_id=unzip_data, execution_date=20231202T172718, start_date=20231202T172720, end_date=20231202T172721
[2023-12-02 17:27:21,723] {local_task_job.py:156} INFO - Task exited with return code 0
[2023-12-02 17:27:22,048] {local_task_job.py:273} INFO - 1 downstream tasks scheduled from follow-on schedule check
