[2023-12-02 17:27:25,729] {taskinstance.py:1179} INFO - Dependencies all met for <TaskInstance: ETL_toll_data.consolidate_data manual__2023-12-02T17:27:18.737603+00:00 [queued]>
[2023-12-02 17:27:25,744] {taskinstance.py:1179} INFO - Dependencies all met for <TaskInstance: ETL_toll_data.consolidate_data manual__2023-12-02T17:27:18.737603+00:00 [queued]>
[2023-12-02 17:27:25,744] {taskinstance.py:1376} INFO - 
--------------------------------------------------------------------------------
[2023-12-02 17:27:25,744] {taskinstance.py:1377} INFO - Starting attempt 1 of 2
[2023-12-02 17:27:25,744] {taskinstance.py:1378} INFO - 
--------------------------------------------------------------------------------
[2023-12-02 17:27:25,764] {taskinstance.py:1397} INFO - Executing <Task(BashOperator): consolidate_data> on 2023-12-02 17:27:18.737603+00:00
[2023-12-02 17:27:25,774] {standard_task_runner.py:52} INFO - Started process 2388 to run task
[2023-12-02 17:27:25,780] {standard_task_runner.py:79} INFO - Running: ['***', 'tasks', 'run', 'ETL_toll_data', 'consolidate_data', 'manual__2023-12-02T17:27:18.737603+00:00', '--job-id', '15', '--raw', '--subdir', 'DAGS_FOLDER/finalassignment/staging/ETL_toll_data.py', '--cfg-path', '/tmp/tmpjoyvrdns', '--error-file', '/tmp/tmp6t5hmsol']
[2023-12-02 17:27:25,780] {standard_task_runner.py:80} INFO - Job 15: Subtask consolidate_data
[2023-12-02 17:27:25,896] {task_command.py:371} INFO - Running <TaskInstance: ETL_toll_data.consolidate_data manual__2023-12-02T17:27:18.737603+00:00 [running]> on host 701c67987407
[2023-12-02 17:27:26,024] {taskinstance.py:1591} INFO - Exporting the following env vars:
AIRFLOW_CTX_DAG_EMAIL=oussama@gmail.com
AIRFLOW_CTX_DAG_OWNER=Oussama Ghandour
AIRFLOW_CTX_DAG_ID=ETL_toll_data
AIRFLOW_CTX_TASK_ID=consolidate_data
AIRFLOW_CTX_EXECUTION_DATE=2023-12-02T17:27:18.737603+00:00
AIRFLOW_CTX_TRY_NUMBER=1
AIRFLOW_CTX_DAG_RUN_ID=manual__2023-12-02T17:27:18.737603+00:00
[2023-12-02 17:27:26,027] {subprocess.py:62} INFO - Tmp dir root location: 
 /tmp
[2023-12-02 17:27:26,028] {subprocess.py:74} INFO - Running command: ['bash', '-c', 'paste /home/project/***/dags/finalassignment/staging/csv_data.csv /home/project/***/dags/finalassignment/staging/tsv_data.csv /home/project/***/dags/finalassignment/staging/fixed_width_data.csv > /home/project/***/dags/finalassignment/staging/extracted_data.csv']
[2023-12-02 17:27:26,053] {subprocess.py:85} INFO - Output:
[2023-12-02 17:27:26,069] {subprocess.py:96} INFO - Command exited with return code 0
[2023-12-02 17:27:26,137] {taskinstance.py:1420} INFO - Marking task as SUCCESS. dag_id=ETL_toll_data, task_id=consolidate_data, execution_date=20231202T172718, start_date=20231202T172725, end_date=20231202T172726
[2023-12-02 17:27:26,198] {local_task_job.py:156} INFO - Task exited with return code 0
[2023-12-02 17:27:26,289] {local_task_job.py:273} INFO - 1 downstream tasks scheduled from follow-on schedule check
